------------------------------  led.pjt - Debug  ------------------------------
[DSP281x_GlobalVariableDefs.c] "C:\CCStudio_v3.3\C2000\cgtools\bin\cl2000" -g -q -fr"E:/dsplab281x/main/led/Debug" -i"../../headers" -i"../headers" -d"_DEBUG" -d"LARGE_MODEL" -ml -v28 -@"../main/led/Debug.lkf" "DSP281x_GlobalVariableDefs.c"

[DSP281x_SysCtrl.c] "C:\CCStudio_v3.3\C2000\cgtools\bin\cl2000" -g -q -fr"E:/dsplab281x/main/led/Debug" -i"../../headers" -i"../headers" -d"_DEBUG" -d"LARGE_MODEL" -ml -v28 -@"../main/led/Debug.lkf" "DSP281x_SysCtrl.c"

[led.c] "C:\CCStudio_v3.3\C2000\cgtools\bin\cl2000" -g -q -fr"E:/dsplab281x/main/led/Debug" -i"../../headers" -i"../headers" -d"_DEBUG" -d"LARGE_MODEL" -ml -v28 -@"Debug.lkf" "led.c"
"led.c", line 410: warning: last line of file ends without a newline

[Linking...] "C:\CCStudio_v3.3\C2000\cgtools\bin\cl2000" -@"Debug.lkf"
<Linking>
>> warning: creating .stack section with default size of 400 (hex) words.
   Use
            -stack option to change the default size.

undefined                        first referenced
 symbol                              in file
---------                        ----------------
_InitPieVectTable                E:\dsplab281x\main\led\Debug\led.obj
_InitPieCtrl                     E:\dsplab281x\main\led\Debug\led.obj
_ConfigCpuTimer                  E:\dsplab281x\main\led\Debug\led.obj
_InitCpuTimers                   E:\dsplab281x\main\led\Debug\led.obj
_CpuTimer0                       E:\dsplab281x\main\led\Debug\led.obj
>>   error: symbol referencing errors - './Debug/led.out' not built

>> Compilation failure

Build Complete,
  2 Errors, 2 Warnings, 0 Remarks.
